<?xml version="1.0" encoding="UTF-8"?>
<!-- Generated by org.testng.reporters.JUnitReportReporter -->
<testsuite hostname="DESKTOP-MI6CSFP" failures="0" tests="1" name="com.Actitime.TestScripts.CreateCustomer" time="17.903" errors="0" timestamp="2023-06-05T10:08:21 IST" skipped="0">
  <testcase classname="com.Actitime.TestScripts.CreateCustomer" name="createcustomer" time="17.903"/>
  <system-out/>
</testsuite> <!-- com.Actitime.TestScripts.CreateCustomer -->
